running egg_info
creating ../../build/line_tracker/line_tracker.egg-info
writing ../../build/line_tracker/line_tracker.egg-info/PKG-INFO
writing dependency_links to ../../build/line_tracker/line_tracker.egg-info/dependency_links.txt
writing entry points to ../../build/line_tracker/line_tracker.egg-info/entry_points.txt
writing requirements to ../../build/line_tracker/line_tracker.egg-info/requires.txt
writing top-level names to ../../build/line_tracker/line_tracker.egg-info/top_level.txt
writing manifest file '../../build/line_tracker/line_tracker.egg-info/SOURCES.txt'
reading manifest file '../../build/line_tracker/line_tracker.egg-info/SOURCES.txt'
writing manifest file '../../build/line_tracker/line_tracker.egg-info/SOURCES.txt'
running build
running build_py
creating /home/robotics/workspaces/track_line_ws/build/line_tracker/build
creating /home/robotics/workspaces/track_line_ws/build/line_tracker/build/lib
creating /home/robotics/workspaces/track_line_ws/build/line_tracker/build/lib/line_tracker
copying line_tracker/line_tracker_node.py -> /home/robotics/workspaces/track_line_ws/build/line_tracker/build/lib/line_tracker
copying line_tracker/__init__.py -> /home/robotics/workspaces/track_line_ws/build/line_tracker/build/lib/line_tracker
running install
running install_lib
creating /home/robotics/workspaces/track_line_ws/install/line_tracker/lib/python3.12/site-packages/line_tracker
copying /home/robotics/workspaces/track_line_ws/build/line_tracker/build/lib/line_tracker/line_tracker_node.py -> /home/robotics/workspaces/track_line_ws/install/line_tracker/lib/python3.12/site-packages/line_tracker
copying /home/robotics/workspaces/track_line_ws/build/line_tracker/build/lib/line_tracker/__init__.py -> /home/robotics/workspaces/track_line_ws/install/line_tracker/lib/python3.12/site-packages/line_tracker
byte-compiling /home/robotics/workspaces/track_line_ws/install/line_tracker/lib/python3.12/site-packages/line_tracker/line_tracker_node.py to line_tracker_node.cpython-312.pyc
byte-compiling /home/robotics/workspaces/track_line_ws/install/line_tracker/lib/python3.12/site-packages/line_tracker/__init__.py to __init__.cpython-312.pyc
running install_data
creating /home/robotics/workspaces/track_line_ws/install/line_tracker/share/ament_index
creating /home/robotics/workspaces/track_line_ws/install/line_tracker/share/ament_index/resource_index
creating /home/robotics/workspaces/track_line_ws/install/line_tracker/share/ament_index/resource_index/packages
copying resource/line_tracker -> /home/robotics/workspaces/track_line_ws/install/line_tracker/share/ament_index/resource_index/packages
copying package.xml -> /home/robotics/workspaces/track_line_ws/install/line_tracker/share/line_tracker
running install_egg_info
Copying ../../build/line_tracker/line_tracker.egg-info to /home/robotics/workspaces/track_line_ws/install/line_tracker/lib/python3.12/site-packages/line_tracker-0.0.0-py3.12.egg-info
running install_scripts
Installing line_tracker_node script to /home/robotics/workspaces/track_line_ws/install/line_tracker/lib/line_tracker
writing list of installed files to '/home/robotics/workspaces/track_line_ws/build/line_tracker/install.log'
