[1.075s] Invoking command in '/home/robotics/workspaces/track_line_ws/src/line_tracker': DEBUGINFOD_URLS=https://debuginfod.ubuntu.com PYTHONPATH=/home/robotics/workspaces/track_line_ws/build/line_tracker/prefix_override:/usr/lib/python3/dist-packages/colcon_core/task/python/colcon_distutils_commands:/home/robotics/workspaces/track_line_ws/install/line_tracker/lib/python3.12/site-packages:${PYTHONPATH} /usr/bin/python3 -W ignore:setup.py install is deprecated -W ignore:easy_install command is deprecated setup.py egg_info --egg-base ../../build/line_tracker build --build-base /home/robotics/workspaces/track_line_ws/build/line_tracker/build install --record /home/robotics/workspaces/track_line_ws/build/line_tracker/install.log --single-version-externally-managed install_data
[1.369s] running egg_info
[1.369s] creating ../../build/line_tracker/line_tracker.egg-info
[1.395s] writing ../../build/line_tracker/line_tracker.egg-info/PKG-INFO
[1.395s] writing dependency_links to ../../build/line_tracker/line_tracker.egg-info/dependency_links.txt
[1.395s] writing entry points to ../../build/line_tracker/line_tracker.egg-info/entry_points.txt
[1.395s] writing requirements to ../../build/line_tracker/line_tracker.egg-info/requires.txt
[1.395s] writing top-level names to ../../build/line_tracker/line_tracker.egg-info/top_level.txt
[1.395s] writing manifest file '../../build/line_tracker/line_tracker.egg-info/SOURCES.txt'
[1.445s] reading manifest file '../../build/line_tracker/line_tracker.egg-info/SOURCES.txt'
[1.446s] writing manifest file '../../build/line_tracker/line_tracker.egg-info/SOURCES.txt'
[1.446s] running build
[1.446s] running build_py
[1.446s] creating /home/robotics/workspaces/track_line_ws/build/line_tracker/build
[1.446s] creating /home/robotics/workspaces/track_line_ws/build/line_tracker/build/lib
[1.447s] creating /home/robotics/workspaces/track_line_ws/build/line_tracker/build/lib/line_tracker
[1.447s] copying line_tracker/line_tracker_node.py -> /home/robotics/workspaces/track_line_ws/build/line_tracker/build/lib/line_tracker
[1.447s] copying line_tracker/__init__.py -> /home/robotics/workspaces/track_line_ws/build/line_tracker/build/lib/line_tracker
[1.447s] running install
[1.453s] running install_lib
[1.477s] creating /home/robotics/workspaces/track_line_ws/install/line_tracker/lib/python3.12/site-packages/line_tracker
[1.477s] copying /home/robotics/workspaces/track_line_ws/build/line_tracker/build/lib/line_tracker/line_tracker_node.py -> /home/robotics/workspaces/track_line_ws/install/line_tracker/lib/python3.12/site-packages/line_tracker
[1.477s] copying /home/robotics/workspaces/track_line_ws/build/line_tracker/build/lib/line_tracker/__init__.py -> /home/robotics/workspaces/track_line_ws/install/line_tracker/lib/python3.12/site-packages/line_tracker
[1.478s] byte-compiling /home/robotics/workspaces/track_line_ws/install/line_tracker/lib/python3.12/site-packages/line_tracker/line_tracker_node.py to line_tracker_node.cpython-312.pyc
[1.479s] byte-compiling /home/robotics/workspaces/track_line_ws/install/line_tracker/lib/python3.12/site-packages/line_tracker/__init__.py to __init__.cpython-312.pyc
[1.479s] running install_data
[1.479s] creating /home/robotics/workspaces/track_line_ws/install/line_tracker/share/ament_index
[1.480s] creating /home/robotics/workspaces/track_line_ws/install/line_tracker/share/ament_index/resource_index
[1.480s] creating /home/robotics/workspaces/track_line_ws/install/line_tracker/share/ament_index/resource_index/packages
[1.480s] copying resource/line_tracker -> /home/robotics/workspaces/track_line_ws/install/line_tracker/share/ament_index/resource_index/packages
[1.480s] copying package.xml -> /home/robotics/workspaces/track_line_ws/install/line_tracker/share/line_tracker
[1.480s] running install_egg_info
[1.505s] Copying ../../build/line_tracker/line_tracker.egg-info to /home/robotics/workspaces/track_line_ws/install/line_tracker/lib/python3.12/site-packages/line_tracker-0.0.0-py3.12.egg-info
[1.506s] running install_scripts
[1.661s] Installing line_tracker_node script to /home/robotics/workspaces/track_line_ws/install/line_tracker/lib/line_tracker
[1.662s] writing list of installed files to '/home/robotics/workspaces/track_line_ws/build/line_tracker/install.log'
[1.689s] Invoked command in '/home/robotics/workspaces/track_line_ws/src/line_tracker' returned '0': DEBUGINFOD_URLS=https://debuginfod.ubuntu.com PYTHONPATH=/home/robotics/workspaces/track_line_ws/build/line_tracker/prefix_override:/usr/lib/python3/dist-packages/colcon_core/task/python/colcon_distutils_commands:/home/robotics/workspaces/track_line_ws/install/line_tracker/lib/python3.12/site-packages:${PYTHONPATH} /usr/bin/python3 -W ignore:setup.py install is deprecated -W ignore:easy_install command is deprecated setup.py egg_info --egg-base ../../build/line_tracker build --build-base /home/robotics/workspaces/track_line_ws/build/line_tracker/build install --record /home/robotics/workspaces/track_line_ws/build/line_tracker/install.log --single-version-externally-managed install_data
