[0.919s] Invoking command in '/home/robotics/workspaces/track_line_ws/src/line_tracker': DEBUGINFOD_URLS=https://debuginfod.ubuntu.com PYTHONPATH=/home/robotics/workspaces/track_line_ws/build/line_tracker/prefix_override:/usr/lib/python3/dist-packages/colcon_core/task/python/colcon_distutils_commands:/home/robotics/workspaces/track_line_ws/install/line_tracker/lib/python3.12/site-packages:${PYTHONPATH} /usr/bin/python3 -W ignore:setup.py install is deprecated -W ignore:easy_install command is deprecated setup.py egg_info --egg-base ../../build/line_tracker build --build-base /home/robotics/workspaces/track_line_ws/build/line_tracker/build install --record /home/robotics/workspaces/track_line_ws/build/line_tracker/install.log --single-version-externally-managed install_data
[1.225s] running egg_info
[1.250s] writing ../../build/line_tracker/line_tracker.egg-info/PKG-INFO
[1.251s] writing dependency_links to ../../build/line_tracker/line_tracker.egg-info/dependency_links.txt
[1.251s] writing entry points to ../../build/line_tracker/line_tracker.egg-info/entry_points.txt
[1.251s] writing requirements to ../../build/line_tracker/line_tracker.egg-info/requires.txt
[1.251s] writing top-level names to ../../build/line_tracker/line_tracker.egg-info/top_level.txt
[1.302s] reading manifest file '../../build/line_tracker/line_tracker.egg-info/SOURCES.txt'
[1.302s] writing manifest file '../../build/line_tracker/line_tracker.egg-info/SOURCES.txt'
[1.302s] running build
[1.303s] running build_py
[1.303s] running install
[1.309s] running install_lib
[1.335s] running install_data
[1.335s] copying package.xml -> /home/robotics/workspaces/track_line_ws/install/line_tracker/share/line_tracker
[1.336s] running install_egg_info
[1.362s] removing '/home/robotics/workspaces/track_line_ws/install/line_tracker/lib/python3.12/site-packages/line_tracker-0.0.0-py3.12.egg-info' (and everything under it)
[1.363s] Copying ../../build/line_tracker/line_tracker.egg-info to /home/robotics/workspaces/track_line_ws/install/line_tracker/lib/python3.12/site-packages/line_tracker-0.0.0-py3.12.egg-info
[1.364s] running install_scripts
[1.524s] Installing line_to_serial_node script to /home/robotics/workspaces/track_line_ws/install/line_tracker/lib/line_tracker
[1.524s] Installing line_tracker_node script to /home/robotics/workspaces/track_line_ws/install/line_tracker/lib/line_tracker
[1.525s] writing list of installed files to '/home/robotics/workspaces/track_line_ws/build/line_tracker/install.log'
[1.555s] Invoked command in '/home/robotics/workspaces/track_line_ws/src/line_tracker' returned '0': DEBUGINFOD_URLS=https://debuginfod.ubuntu.com PYTHONPATH=/home/robotics/workspaces/track_line_ws/build/line_tracker/prefix_override:/usr/lib/python3/dist-packages/colcon_core/task/python/colcon_distutils_commands:/home/robotics/workspaces/track_line_ws/install/line_tracker/lib/python3.12/site-packages:${PYTHONPATH} /usr/bin/python3 -W ignore:setup.py install is deprecated -W ignore:easy_install command is deprecated setup.py egg_info --egg-base ../../build/line_tracker build --build-base /home/robotics/workspaces/track_line_ws/build/line_tracker/build install --record /home/robotics/workspaces/track_line_ws/build/line_tracker/install.log --single-version-externally-managed install_data
